<?xml version="1.0" encoding="UTF-8"?>
<testng-results total="1" passed="1" failed="0" skipped="0">
  <reporter-output>
  </reporter-output>
  <suite started-at="2024-02-24T06:54:57Z" name="Suite" finished-at="2024-02-24T06:54:57Z" duration-ms="13">
    <groups>
    </groups>
    <test started-at="2024-02-24T06:54:57Z" name="Test" finished-at="2024-02-24T06:54:57Z" duration-ms="13">
      <class name="com.practice.TestCalc">
        <test-method is-config="true" signature="beforeTest()[pri:0, instance:com.practice.TestCalc@4a883b15]" started-at="2024-02-24T12:24:57Z" name="beforeTest" finished-at="2024-02-24T12:24:57Z" duration-ms="4" status="PASS">
          <reporter-output>
          </reporter-output>
        </test-method> <!-- beforeTest -->
        <test-method signature="testAdd()[pri:0, instance:com.practice.TestCalc@4a883b15]" started-at="2024-02-24T12:24:57Z" name="testAdd" finished-at="2024-02-24T12:24:57Z" duration-ms="2" status="PASS">
          <reporter-output>
          </reporter-output>
        </test-method> <!-- testAdd -->
        <test-method is-config="true" signature="AfterTestMethod()[pri:0, instance:com.practice.TestCalc@4a883b15]" started-at="2024-02-24T12:24:57Z" name="AfterTestMethod" finished-at="2024-02-24T12:24:57Z" duration-ms="1" status="PASS">
          <reporter-output>
          </reporter-output>
        </test-method> <!-- AfterTestMethod -->
      </class> <!-- com.practice.TestCalc -->
    </test> <!-- Test -->
  </suite> <!-- Suite -->
</testng-results>
